<?xml version="1.0" encoding="UTF-8"?>
<!-- Generated by org.testng.reporters.JUnitXMLReporter -->
<testsuite hostname="DELL-2D26CVB" ignored="2" name="Test" tests="2" failures="0" timestamp="14 Mar 2022 10:16:25 GMT" time="0.145" errors="0">
  <testcase name="simpleProgram" time="0.047" classname="gitPractice.CreateOrgTest"/>
  <testcase name="simpleProgram" time="0.0" classname="gitPractice.CreateContactTest"/>
  <testcase name="simpleProgram1" time="0.0" classname="gitPractice.CreateOrgTest">
    <ignored/>
  </testcase> <!-- simpleProgram1 -->
  <testcase name="simpleProgram1" time="0.0" classname="gitPractice.CreateContactTest">
    <ignored/>
  </testcase> <!-- simpleProgram1 -->
</testsuite> <!-- Test -->
