<?xml version="1.0" encoding="UTF-8"?>
<testng-results skipped="0" failed="0" ignored="0" total="1" passed="1">
  <reporter-output>
  </reporter-output>
  <suite name="Default suite" duration-ms="204" started-at="2022-03-10T10:01:53Z" finished-at="2022-03-10T10:01:54Z">
    <groups>
    </groups>
    <test name="Default test" duration-ms="204" started-at="2022-03-10T10:01:53Z" finished-at="2022-03-10T10:01:54Z">
      <class name="gitPractice.SimpleProgram">
        <test-method status="PASS" signature="simpleProgram()[pri:0, instance:gitPractice.SimpleProgram@735b5592]" name="simpleProgram" duration-ms="36" started-at="2022-03-10T10:01:54Z" finished-at="2022-03-10T10:01:54Z">
          <reporter-output>
          </reporter-output>
        </test-method> <!-- simpleProgram -->
      </class> <!-- gitPractice.SimpleProgram -->
    </test> <!-- Default test -->
  </suite> <!-- Default suite -->
</testng-results>
