<?xml version="1.0" encoding="UTF-8"?>
<testng-results skipped="0" failed="0" ignored="2" total="4" passed="2">
  <reporter-output>
  </reporter-output>
  <suite name="Suite" duration-ms="145" started-at="2022-03-14T10:16:25Z" finished-at="2022-03-14T10:16:25Z">
    <groups>
      <group name="smoke">
        <method signature="CreateContactTest.simpleProgram()[pri:0, instance:gitPractice.CreateContactTest@1753acfe]" name="simpleProgram" class="gitPractice.CreateContactTest"/>
        <method signature="CreateOrgTest.simpleProgram()[pri:0, instance:gitPractice.CreateOrgTest@548a9f61]" name="simpleProgram" class="gitPractice.CreateOrgTest"/>
      </group> <!-- smoke -->
    </groups>
    <test name="Test" duration-ms="145" started-at="2022-03-14T10:16:25Z" finished-at="2022-03-14T10:16:25Z">
      <class name="gitPractice.CreateOrgTest">
        <test-method status="PASS" signature="simpleProgram()[pri:0, instance:gitPractice.CreateOrgTest@548a9f61]" name="simpleProgram" duration-ms="47" started-at="2022-03-14T10:16:25Z" finished-at="2022-03-14T10:16:25Z">
          <reporter-output>
          </reporter-output>
        </test-method> <!-- simpleProgram -->
      </class> <!-- gitPractice.CreateOrgTest -->
      <class name="gitPractice.CreateContactTest">
        <test-method status="PASS" signature="simpleProgram()[pri:0, instance:gitPractice.CreateContactTest@1753acfe]" name="simpleProgram" duration-ms="0" started-at="2022-03-14T10:16:25Z" finished-at="2022-03-14T10:16:25Z">
          <reporter-output>
          </reporter-output>
        </test-method> <!-- simpleProgram -->
      </class> <!-- gitPractice.CreateContactTest -->
    </test> <!-- Test -->
  </suite> <!-- Suite -->
</testng-results>
